<?xml version="1.0" encoding="UTF-8"?>
<!-- Generated by org.testng.reporters.JUnitReportReporter -->
<testsuite skipped="0" hostname="DESKTOP-94NAOVT" name="com.play.Newauto" tests="3" failures="0" timestamp="25 Aug 2018 18:29:10 GMT" time="14.799" errors="0">
  <testcase name="ddd" time="1.450" classname="com.play.Newauto"/>
  <testcase name="bcd" time="2.876" classname="com.play.Newauto"/>
  <testcase name="ccd" time="10.473" classname="com.play.Newauto"/>
</testsuite> <!-- com.play.Newauto -->
