<?xml version="1.0" encoding="UTF-8"?>
<!-- Generated by org.testng.reporters.JUnitReportReporter -->
<testsuite skipped="0" hostname="DESKTOP-94NAOVT" name="com.play.Newauto" tests="2" failures="0" timestamp="25 Aug 2018 18:01:51 GMT" time="33.043" errors="0">
  <testcase name="bcd" time="6.547" classname="com.play.Newauto"/>
  <testcase name="ccd" time="26.496" classname="com.play.Newauto"/>
</testsuite> <!-- com.play.Newauto -->
