<?xml version="1.0" encoding="UTF-8"?>
<!-- Generated by org.testng.reporters.JUnitReportReporter -->
<testsuite skipped="0" hostname="DESKTOP-94NAOVT" name="snapdeal.snaplogin" tests="2" failures="0" timestamp="06 Sep 2018 13:47:20 GMT" time="54.574" errors="0">
  <testcase name="run" time="20.885" classname="snapdeal.snaplogin"/>
  <testcase name="run" time="33.689" classname="snapdeal.snaplogin"/>
</testsuite> <!-- snapdeal.snaplogin -->
