<?xml version="1.0" encoding="UTF-8"?>
<!-- Generated by org.testng.reporters.JUnitReportReporter -->
<testsuite skipped="0" hostname="DESKTOP-94NAOVT" name="snapdeal.browse" tests="1" failures="0" timestamp="07 Sep 2018 17:04:26 GMT" time="32.519" errors="0">
  <testcase name="run" time="32.519" classname="snapdeal.browse"/>
</testsuite> <!-- snapdeal.browse -->
