<?xml version="1.0" encoding="UTF-8"?>
<!-- Generated by org.testng.reporters.JUnitReportReporter -->
<testsuite skipped="0" hostname="DESKTOP-94NAOVT" name="flipkart.excelprovider" tests="1" failures="0" timestamp="26 Aug 2018 11:38:12 GMT" time="0.717" errors="0">
  <testcase name="abcd" time="0.717" classname="flipkart.excelprovider"/>
</testsuite> <!-- flipkart.excelprovider -->
