<?xml version="1.0" encoding="UTF-8"?>
<!-- Generated by org.testng.reporters.JUnitReportReporter -->
<testsuite skipped="0" hostname="DESKTOP-94NAOVT" name="snapdeal.iframe" tests="1" failures="0" timestamp="06 Sep 2018 13:59:11 GMT" time="20.446" errors="0">
  <testcase name="run" time="20.446" classname="snapdeal.iframe"/>
</testsuite> <!-- snapdeal.iframe -->
