<?xml version="1.0" encoding="UTF-8"?>
<!-- Generated by org.testng.reporters.JUnitReportReporter -->
<testsuite skipped="0" hostname="DESKTOP-94NAOVT" name="flipkart.login" tests="2" failures="0" timestamp="06 Sep 2018 13:47:20 GMT" time="55.701" errors="0">
  <testcase name="run" time="31.321" classname="flipkart.login"/>
  <testcase name="run" time="24.380" classname="flipkart.login"/>
</testsuite> <!-- flipkart.login -->
